# JRE version: OpenJDK Runtime Environment (7.0_79-b14) (build 1.7.0_79-b14)
# Java VM: OpenJDK Server VM (24.79-b02 mixed mode, sharing linux-x86 )
Heap
 def new generation   total 71808K, used 46224K [0x4e000000, 0x52de0000, 0x61c00000)
  eden space 63872K,  72% used [0x4e000000, 0x50d23eb0, 0x51e60000)
  from space 7936K,   0% used [0x51e60000, 0x51e60510, 0x52620000)
  to   space 7936K,   0% used [0x52620000, 0x52620000, 0x52de0000)
 tenured generation   total 159408K, used 85870K [0x61c00000, 0x6b7ac000, 0x89400000)
   the space 159408K,  53% used [0x61c00000, 0x66fdb9d0, 0x66fdba00, 0x6b7ac000)
 compacting perm gen  total 16384K, used 761K [0x89400000, 0x8a400000, 0x91400000)
   the space 16384K,   4% used [0x89400000, 0x894be518, 0x894be600, 0x8a400000)
    ro space 10240K,  58% used [0x91400000, 0x919e1558, 0x919e1600, 0x91e00000)
    rw space 12288K,  63% used [0x91e00000, 0x925942e8, 0x92594400, 0x92a00000)
GC Heap History (10 events):
Event: 814.275 GC heap before
{Heap before GC invocations=748 (full 4):
 def new generation   total 71808K, used 63934K [0x4e000000, 0x52de0000, 0x61c00000)
  eden space 63872K, 100% used [0x4e000000, 0x51e60000, 0x51e60000)
  from space 7936K,   0% used [0x52620000, 0x5262fb80, 0x52de0000)
  to   space 7936K,   0% used [0x51e60000, 0x51e60000, 0x52620000)
 tenured generation   total 159408K, used 85870K [0x61c00000, 0x6b7ac000, 0x89400000)
   the space 159408K,  53% used [0x61c00000, 0x66fdb9d0, 0x66fdba00, 0x6b7ac000)
 compacting perm gen  total 16384K, used 761K [0x89400000, 0x8a400000, 0x91400000)
   the space 16384K,   4% used [0x89400000, 0x894be518, 0x894be600, 0x8a400000)
    ro space 10240K,  58% used [0x91400000, 0x919e1558, 0x919e1600, 0x91e00000)
    rw space 12288K,  63% used [0x91e00000, 0x925942e8, 0x92594400, 0x92a00000)
Event: 814.275 GC heap after
Heap after GC invocations=749 (full 4):
 def new generation   total 71808K, used 66K [0x4e000000, 0x52de0000, 0x61c00000)
  eden space 63872K,   0% used [0x4e000000, 0x4e000000, 0x51e60000)
  from space 7936K,   0% used [0x51e60000, 0x51e708b8, 0x52620000)
  to   space 7936K,   0% used [0x52620000, 0x52620000, 0x52de0000)
 tenured generation   total 159408K, used 85870K [0x61c00000, 0x6b7ac000, 0x89400000)
   the space 159408K,  53% used [0x61c00000, 0x66fdb9d0, 0x66fdba00, 0x6b7ac000)
 compacting perm gen  total 16384K, used 761K [0x89400000, 0x8a400000, 0x91400000)
   the space 16384K,   4% used [0x89400000, 0x894be518, 0x894be600, 0x8a400000)
    ro space 10240K,  58% used [0x91400000, 0x919e1558, 0x919e1600, 0x91e00000)
    rw space 12288K,  63% used [0x91e00000, 0x925942e8, 0x92594400, 0x92a00000)
}
Event: 815.393 GC heap before
{Heap before GC invocations=749 (full 4):
 def new generation   total 71808K, used 63938K [0x4e000000, 0x52de0000, 0x61c00000)
  eden space 63872K, 100% used [0x4e000000, 0x51e60000, 0x51e60000)
  from space 7936K,   0% used [0x51e60000, 0x51e708b8, 0x52620000)
  to   space 7936K,   0% used [0x52620000, 0x52620000, 0x52de0000)
 tenured generation   total 159408K, used 85870K [0x61c00000, 0x6b7ac000, 0x89400000)
   the space 159408K,  53% used [0x61c00000, 0x66fdb9d0, 0x66fdba00, 0x6b7ac000)
 compacting perm gen  total 16384K, used 761K [0x89400000, 0x8a400000, 0x91400000)
   the space 16384K,   4% used [0x89400000, 0x894be518, 0x894be600, 0x8a400000)
    ro space 10240K,  58% used [0x91400000, 0x919e1558, 0x919e1600, 0x91e00000)
    rw space 12288K,  63% used [0x91e00000, 0x925942e8, 0x92594400, 0x92a00000)
Event: 815.393 GC heap after
Heap after GC invocations=750 (full 4):
 def new generation   total 71808K, used 11K [0x4e000000, 0x52de0000, 0x61c00000)
  eden space 63872K,   0% used [0x4e000000, 0x4e000000, 0x51e60000)
  from space 7936K,   0% used [0x52620000, 0x52622c68, 0x52de0000)
  to   space 7936K,   0% used [0x51e60000, 0x51e60000, 0x52620000)
 tenured generation   total 159408K, used 85870K [0x61c00000, 0x6b7ac000, 0x89400000)
   the space 159408K,  53% used [0x61c00000, 0x66fdb9d0, 0x66fdba00, 0x6b7ac000)
 compacting perm gen  total 16384K, used 761K [0x89400000, 0x8a400000, 0x91400000)
   the space 16384K,   4% used [0x89400000, 0x894be518, 0x894be600, 0x8a400000)
    ro space 10240K,  58% used [0x91400000, 0x919e1558, 0x919e1600, 0x91e00000)
    rw space 12288K,  63% used [0x91e00000, 0x925942e8, 0x92594400, 0x92a00000)
}
Event: 816.957 GC heap before
{Heap before GC invocations=750 (full 4):
 def new generation   total 71808K, used 63883K [0x4e000000, 0x52de0000, 0x61c00000)
  eden space 63872K, 100% used [0x4e000000, 0x51e60000, 0x51e60000)
  from space 7936K,   0% used [0x52620000, 0x52622c68, 0x52de0000)
  to   space 7936K,   0% used [0x51e60000, 0x51e60000, 0x52620000)
 tenured generation   total 159408K, used 85870K [0x61c00000, 0x6b7ac000, 0x89400000)
   the space 159408K,  53% used [0x61c00000, 0x66fdb9d0, 0x66fdba00, 0x6b7ac000)
 compacting perm gen  total 16384K, used 761K [0x89400000, 0x8a400000, 0x91400000)
   the space 16384K,   4% used [0x89400000, 0x894be518, 0x894be600, 0x8a400000)
    ro space 10240K,  58% used [0x91400000, 0x919e1558, 0x919e1600, 0x91e00000)
    rw space 12288K,  63% used [0x91e00000, 0x925942e8, 0x92594400, 0x92a00000)
Event: 816.957 GC heap after
Heap after GC invocations=751 (full 4):
 def new generation   total 71808K, used 5K [0x4e000000, 0x52de0000, 0x61c00000)
  eden space 63872K,   0% used [0x4e000000, 0x4e000000, 0x51e60000)
  from space 7936K,   0% used [0x51e60000, 0x51e615c8, 0x52620000)
  to   space 7936K,   0% used [0x52620000, 0x52620000, 0x52de0000)
 tenured generation   total 159408K, used 85870K [0x61c00000, 0x6b7ac000, 0x89400000)
   the space 159408K,  53% used [0x61c00000, 0x66fdb9d0, 0x66fdba00, 0x6b7ac000)
 compacting perm gen  total 16384K, used 761K [0x89400000, 0x8a400000, 0x91400000)
   the space 16384K,   4% used [0x89400000, 0x894be518, 0x894be600, 0x8a400000)
    ro space 10240K,  58% used [0x91400000, 0x919e1558, 0x919e1600, 0x91e00000)
    rw space 12288K,  63% used [0x91e00000, 0x925942e8, 0x92594400, 0x92a00000)
}
Event: 818.309 GC heap before
{Heap before GC invocations=751 (full 4):
 def new generation   total 71808K, used 63877K [0x4e000000, 0x52de0000, 0x61c00000)
  eden space 63872K, 100% used [0x4e000000, 0x51e60000, 0x51e60000)
  from space 7936K,   0% used [0x51e60000, 0x51e615c8, 0x52620000)
  to   space 7936K,   0% used [0x52620000, 0x52620000, 0x52de0000)
 tenured generation   total 159408K, used 85870K [0x61c00000, 0x6b7ac000, 0x89400000)
   the space 159408K,  53% used [0x61c00000, 0x66fdb9d0, 0x66fdba00, 0x6b7ac000)
 compacting perm gen  total 16384K, used 761K [0x89400000, 0x8a400000, 0x91400000)
   the space 16384K,   4% used [0x89400000, 0x894be518, 0x894be600, 0x8a400000)
    ro space 10240K,  58% used [0x91400000, 0x919e1558, 0x919e1600, 0x91e00000)
    rw space 12288K,  63% used [0x91e00000, 0x925942e8, 0x92594400, 0x92a00000)
Event: 818.309 GC heap after
Heap after GC invocations=752 (full 4):
 def new generation   total 71808K, used 53K [0x4e000000, 0x52de0000, 0x61c00000)
  eden space 63872K,   0% used [0x4e000000, 0x4e000000, 0x51e60000)
  from space 7936K,   0% used [0x52620000, 0x5262d6f0, 0x52de0000)
  to   space 7936K,   0% used [0x51e60000, 0x51e60000, 0x52620000)
 tenured generation   total 159408K, used 85870K [0x61c00000, 0x6b7ac000, 0x89400000)
   the space 159408K,  53% used [0x61c00000, 0x66fdb9d0, 0x66fdba00, 0x6b7ac000)
 compacting perm gen  total 16384K, used 761K [0x89400000, 0x8a400000, 0x91400000)
   the space 16384K,   4% used [0x89400000, 0x894be518, 0x894be600, 0x8a400000)
    ro space 10240K,  58% used [0x91400000, 0x919e1558, 0x919e1600, 0x91e00000)
    rw space 12288K,  63% used [0x91e00000, 0x925942e8, 0x92594400, 0x92a00000)
}
Event: 819.280 GC heap before
{Heap before GC invocations=752 (full 4):
 def new generation   total 71808K, used 63925K [0x4e000000, 0x52de0000, 0x61c00000)
  eden space 63872K, 100% used [0x4e000000, 0x51e60000, 0x51e60000)
  from space 7936K,   0% used [0x52620000, 0x5262d6f0, 0x52de0000)
  to   space 7936K,   0% used [0x51e60000, 0x51e60000, 0x52620000)
 tenured generation   total 159408K, used 85870K [0x61c00000, 0x6b7ac000, 0x89400000)
   the space 159408K,  53% used [0x61c00000, 0x66fdb9d0, 0x66fdba00, 0x6b7ac000)
 compacting perm gen  total 16384K, used 761K [0x89400000, 0x8a400000, 0x91400000)
   the space 16384K,   4% used [0x89400000, 0x894be518, 0x894be600, 0x8a400000)
    ro space 10240K,  58% used [0x91400000, 0x919e1558, 0x919e1600, 0x91e00000)
    rw space 12288K,  63% used [0x91e00000, 0x925942e8, 0x92594400, 0x92a00000)
Event: 819.280 GC heap after
Heap after GC invocations=753 (full 4):
 def new generation   total 71808K, used 1K [0x4e000000, 0x52de0000, 0x61c00000)
  eden space 63872K,   0% used [0x4e000000, 0x4e000000, 0x51e60000)
  from space 7936K,   0% used [0x51e60000, 0x51e60510, 0x52620000)
  to   space 7936K,   0% used [0x52620000, 0x52620000, 0x52de0000)
 tenured generation   total 159408K, used 85870K [0x61c00000, 0x6b7ac000, 0x89400000)
   the space 159408K,  53% used [0x61c00000, 0x66fdb9d0, 0x66fdba00, 0x6b7ac000)
 compacting perm gen  total 16384K, used 761K [0x89400000, 0x8a400000, 0x91400000)
   the space 16384K,   4% used [0x89400000, 0x894be518, 0x894be600, 0x8a400000)
    ro space 10240K,  58% used [0x91400000, 0x919e1558, 0x919e1600, 0x91e00000)
    rw space 12288K,  63% used [0x91e00000, 0x925942e8, 0x92594400, 0x92a00000)
}

