# JRE version: OpenJDK Runtime Environment (7.0_79-b14) (build 1.7.0_79-b14)
# Java VM: OpenJDK Server VM (24.79-b02 mixed mode, sharing linux-x86 )
Heap
 def new generation   total 80768K, used 69316K [0x4e000000, 0x537a0000, 0x61c00000)
  eden space 71808K,  96% used [0x4e000000, 0x523b0d08, 0x52620000)
  from space 8960K,   0% used [0x52ee0000, 0x52ee0518, 0x537a0000)
  to   space 8960K,   0% used [0x52620000, 0x52620000, 0x52ee0000)
 tenured generation   total 179328K, used 109454K [0x61c00000, 0x6cb20000, 0x89400000)
   the space 179328K,  61% used [0x61c00000, 0x686e3ba8, 0x686e3c00, 0x6cb20000)
 compacting perm gen  total 16384K, used 760K [0x89400000, 0x8a400000, 0x91400000)
   the space 16384K,   4% used [0x89400000, 0x894be3d0, 0x894be400, 0x8a400000)
    ro space 10240K,  58% used [0x91400000, 0x919e1558, 0x919e1600, 0x91e00000)
    rw space 12288K,  63% used [0x91e00000, 0x925942e8, 0x92594400, 0x92a00000)
GC Heap History (10 events):
Event: 1264.512 GC heap before
{Heap before GC invocations=1002 (full 4):
 def new generation   total 80768K, used 72108K [0x4e000000, 0x537a0000, 0x61c00000)
  eden space 71808K, 100% used [0x4e000000, 0x52620000, 0x52620000)
  from space 8960K,   3% used [0x52620000, 0x5266b348, 0x52ee0000)
  to   space 8960K,   0% used [0x52ee0000, 0x52ee0000, 0x537a0000)
 tenured generation   total 179328K, used 109454K [0x61c00000, 0x6cb20000, 0x89400000)
   the space 179328K,  61% used [0x61c00000, 0x686e3ba8, 0x686e3c00, 0x6cb20000)
 compacting perm gen  total 16384K, used 760K [0x89400000, 0x8a400000, 0x91400000)
   the space 16384K,   4% used [0x89400000, 0x894be3d0, 0x894be400, 0x8a400000)
    ro space 10240K,  58% used [0x91400000, 0x919e1558, 0x919e1600, 0x91e00000)
    rw space 12288K,  63% used [0x91e00000, 0x925942e8, 0x92594400, 0x92a00000)
Event: 1264.512 GC heap after
Heap after GC invocations=1003 (full 4):
 def new generation   total 80768K, used 24K [0x4e000000, 0x537a0000, 0x61c00000)
  eden space 71808K,   0% used [0x4e000000, 0x4e000000, 0x52620000)
  from space 8960K,   0% used [0x52ee0000, 0x52ee6238, 0x537a0000)
  to   space 8960K,   0% used [0x52620000, 0x52620000, 0x52ee0000)
 tenured generation   total 179328K, used 109454K [0x61c00000, 0x6cb20000, 0x89400000)
   the space 179328K,  61% used [0x61c00000, 0x686e3ba8, 0x686e3c00, 0x6cb20000)
 compacting perm gen  total 16384K, used 760K [0x89400000, 0x8a400000, 0x91400000)
   the space 16384K,   4% used [0x89400000, 0x894be3d0, 0x894be400, 0x8a400000)
    ro space 10240K,  58% used [0x91400000, 0x919e1558, 0x919e1600, 0x91e00000)
    rw space 12288K,  63% used [0x91e00000, 0x925942e8, 0x92594400, 0x92a00000)
}
Event: 1265.111 GC heap before
{Heap before GC invocations=1003 (full 4):
 def new generation   total 80768K, used 71832K [0x4e000000, 0x537a0000, 0x61c00000)
  eden space 71808K, 100% used [0x4e000000, 0x52620000, 0x52620000)
  from space 8960K,   0% used [0x52ee0000, 0x52ee6238, 0x537a0000)
  to   space 8960K,   0% used [0x52620000, 0x52620000, 0x52ee0000)
 tenured generation   total 179328K, used 109454K [0x61c00000, 0x6cb20000, 0x89400000)
   the space 179328K,  61% used [0x61c00000, 0x686e3ba8, 0x686e3c00, 0x6cb20000)
 compacting perm gen  total 16384K, used 760K [0x89400000, 0x8a400000, 0x91400000)
   the space 16384K,   4% used [0x89400000, 0x894be3d0, 0x894be400, 0x8a400000)
    ro space 10240K,  58% used [0x91400000, 0x919e1558, 0x919e1600, 0x91e00000)
    rw space 12288K,  63% used [0x91e00000, 0x925942e8, 0x92594400, 0x92a00000)
Event: 1265.112 GC heap after
Heap after GC invocations=1004 (full 4):
 def new generation   total 80768K, used 458K [0x4e000000, 0x537a0000, 0x61c00000)
  eden space 71808K,   0% used [0x4e000000, 0x4e000000, 0x52620000)
  from space 8960K,   5% used [0x52620000, 0x52692960, 0x52ee0000)
  to   space 8960K,   0% used [0x52ee0000, 0x52ee0000, 0x537a0000)
 tenured generation   total 179328K, used 109454K [0x61c00000, 0x6cb20000, 0x89400000)
   the space 179328K,  61% used [0x61c00000, 0x686e3ba8, 0x686e3c00, 0x6cb20000)
 compacting perm gen  total 16384K, used 760K [0x89400000, 0x8a400000, 0x91400000)
   the space 16384K,   4% used [0x89400000, 0x894be3d0, 0x894be400, 0x8a400000)
    ro space 10240K,  58% used [0x91400000, 0x919e1558, 0x919e1600, 0x91e00000)
    rw space 12288K,  63% used [0x91e00000, 0x925942e8, 0x92594400, 0x92a00000)
}
Event: 1265.721 GC heap before
{Heap before GC invocations=1004 (full 4):
 def new generation   total 80768K, used 72266K [0x4e000000, 0x537a0000, 0x61c00000)
  eden space 71808K, 100% used [0x4e000000, 0x52620000, 0x52620000)
  from space 8960K,   5% used [0x52620000, 0x52692960, 0x52ee0000)
  to   space 8960K,   0% used [0x52ee0000, 0x52ee0000, 0x537a0000)
 tenured generation   total 179328K, used 109454K [0x61c00000, 0x6cb20000, 0x89400000)
   the space 179328K,  61% used [0x61c00000, 0x686e3ba8, 0x686e3c00, 0x6cb20000)
 compacting perm gen  total 16384K, used 760K [0x89400000, 0x8a400000, 0x91400000)
   the space 16384K,   4% used [0x89400000, 0x894be3d0, 0x894be400, 0x8a400000)
    ro space 10240K,  58% used [0x91400000, 0x919e1558, 0x919e1600, 0x91e00000)
    rw space 12288K,  63% used [0x91e00000, 0x925942e8, 0x92594400, 0x92a00000)
Event: 1265.721 GC heap after
Heap after GC invocations=1005 (full 4):
 def new generation   total 80768K, used 146K [0x4e000000, 0x537a0000, 0x61c00000)
  eden space 71808K,   0% used [0x4e000000, 0x4e000000, 0x52620000)
  from space 8960K,   1% used [0x52ee0000, 0x52f04b38, 0x537a0000)
  to   space 8960K,   0% used [0x52620000, 0x52620000, 0x52ee0000)
 tenured generation   total 179328K, used 109454K [0x61c00000, 0x6cb20000, 0x89400000)
   the space 179328K,  61% used [0x61c00000, 0x686e3ba8, 0x686e3c00, 0x6cb20000)
 compacting perm gen  total 16384K, used 760K [0x89400000, 0x8a400000, 0x91400000)
   the space 16384K,   4% used [0x89400000, 0x894be3d0, 0x894be400, 0x8a400000)
    ro space 10240K,  58% used [0x91400000, 0x919e1558, 0x919e1600, 0x91e00000)
    rw space 12288K,  63% used [0x91e00000, 0x925942e8, 0x92594400, 0x92a00000)
}
Event: 1266.320 GC heap before
{Heap before GC invocations=1005 (full 4):
 def new generation   total 80768K, used 71954K [0x4e000000, 0x537a0000, 0x61c00000)
  eden space 71808K, 100% used [0x4e000000, 0x52620000, 0x52620000)
  from space 8960K,   1% used [0x52ee0000, 0x52f04b38, 0x537a0000)
  to   space 8960K,   0% used [0x52620000, 0x52620000, 0x52ee0000)
 tenured generation   total 179328K, used 109454K [0x61c00000, 0x6cb20000, 0x89400000)
   the space 179328K,  61% used [0x61c00000, 0x686e3ba8, 0x686e3c00, 0x6cb20000)
 compacting perm gen  total 16384K, used 760K [0x89400000, 0x8a400000, 0x91400000)
   the space 16384K,   4% used [0x89400000, 0x894be3d0, 0x894be400, 0x8a400000)
    ro space 10240K,  58% used [0x91400000, 0x919e1558, 0x919e1600, 0x91e00000)
    rw space 12288K,  63% used [0x91e00000, 0x925942e8, 0x92594400, 0x92a00000)
Event: 1266.321 GC heap after
Heap after GC invocations=1006 (full 4):
 def new generation   total 80768K, used 191K [0x4e000000, 0x537a0000, 0x61c00000)
  eden space 71808K,   0% used [0x4e000000, 0x4e000000, 0x52620000)
  from space 8960K,   2% used [0x52620000, 0x5264ffd0, 0x52ee0000)
  to   space 8960K,   0% used [0x52ee0000, 0x52ee0000, 0x537a0000)
 tenured generation   total 179328K, used 109454K [0x61c00000, 0x6cb20000, 0x89400000)
   the space 179328K,  61% used [0x61c00000, 0x686e3ba8, 0x686e3c00, 0x6cb20000)
 compacting perm gen  total 16384K, used 760K [0x89400000, 0x8a400000, 0x91400000)
   the space 16384K,   4% used [0x89400000, 0x894be3d0, 0x894be400, 0x8a400000)
    ro space 10240K,  58% used [0x91400000, 0x919e1558, 0x919e1600, 0x91e00000)
    rw space 12288K,  63% used [0x91e00000, 0x925942e8, 0x92594400, 0x92a00000)
}
Event: 1267.715 GC heap before
{Heap before GC invocations=1006 (full 4):
 def new generation   total 80768K, used 71999K [0x4e000000, 0x537a0000, 0x61c00000)
  eden space 71808K, 100% used [0x4e000000, 0x52620000, 0x52620000)
  from space 8960K,   2% used [0x52620000, 0x5264ffd0, 0x52ee0000)
  to   space 8960K,   0% used [0x52ee0000, 0x52ee0000, 0x537a0000)
 tenured generation   total 179328K, used 109454K [0x61c00000, 0x6cb20000, 0x89400000)
   the space 179328K,  61% used [0x61c00000, 0x686e3ba8, 0x686e3c00, 0x6cb20000)
 compacting perm gen  total 16384K, used 760K [0x89400000, 0x8a400000, 0x91400000)
   the space 16384K,   4% used [0x89400000, 0x894be3d0, 0x894be400, 0x8a400000)
    ro space 10240K,  58% used [0x91400000, 0x919e1558, 0x919e1600, 0x91e00000)
    rw space 12288K,  63% used [0x91e00000, 0x925942e8, 0x92594400, 0x92a00000)
Event: 1267.716 GC heap after
Heap after GC invocations=1007 (full 4):
 def new generation   total 80768K, used 1K [0x4e000000, 0x537a0000, 0x61c00000)
  eden space 71808K,   0% used [0x4e000000, 0x4e000000, 0x52620000)
  from space 8960K,   0% used [0x52ee0000, 0x52ee0518, 0x537a0000)
  to   space 8960K,   0% used [0x52620000, 0x52620000, 0x52ee0000)
 tenured generation   total 179328K, used 109454K [0x61c00000, 0x6cb20000, 0x89400000)
   the space 179328K,  61% used [0x61c00000, 0x686e3ba8, 0x686e3c00, 0x6cb20000)
 compacting perm gen  total 16384K, used 760K [0x89400000, 0x8a400000, 0x91400000)
   the space 16384K,   4% used [0x89400000, 0x894be3d0, 0x894be400, 0x8a400000)
    ro space 10240K,  58% used [0x91400000, 0x919e1558, 0x919e1600, 0x91e00000)
    rw space 12288K,  63% used [0x91e00000, 0x925942e8, 0x92594400, 0x92a00000)
}

