# JRE version: OpenJDK Runtime Environment (7.0_79-b14) (build 1.7.0_79-b14)
# Java VM: OpenJDK Server VM (24.79-b02 mixed mode, sharing linux-x86 )
Heap
 def new generation   total 52992K, used 1021K [0x4e000000, 0x51970000, 0x61c00000)
  eden space 47168K,   2% used [0x4e000000, 0x4e0ed190, 0x50e10000)
  from space 5824K,   1% used [0x513c0000, 0x513d2290, 0x51970000)
  to   space 5824K,   0% used [0x50e10000, 0x50e10000, 0x513c0000)
 tenured generation   total 117568K, used 109923K [0x61c00000, 0x68ed0000, 0x89400000)
   the space 117568K,  93% used [0x61c00000, 0x68758d90, 0x68758e00, 0x68ed0000)
 compacting perm gen  total 16384K, used 758K [0x89400000, 0x8a400000, 0x91400000)
   the space 16384K,   4% used [0x89400000, 0x894bdaa8, 0x894bdc00, 0x8a400000)
    ro space 10240K,  58% used [0x91400000, 0x919e1558, 0x919e1600, 0x91e00000)
    rw space 12288K,  63% used [0x91e00000, 0x925942e8, 0x92594400, 0x92a00000)
GC Heap History (10 events):
Event: 69.047 GC heap before
{Heap before GC invocations=87 (full 2):
 def new generation   total 52992K, used 47356K [0x4e000000, 0x51970000, 0x61c00000)
  eden space 47168K, 100% used [0x4e000000, 0x50e10000, 0x50e10000)
  from space 5824K,   3% used [0x50e10000, 0x50e3f100, 0x513c0000)
  to   space 5824K,   0% used [0x513c0000, 0x513c0000, 0x51970000)
 tenured generation   total 117568K, used 109923K [0x61c00000, 0x68ed0000, 0x89400000)
   the space 117568K,  93% used [0x61c00000, 0x68758d90, 0x68758e00, 0x68ed0000)
 compacting perm gen  total 16384K, used 758K [0x89400000, 0x8a400000, 0x91400000)
   the space 16384K,   4% used [0x89400000, 0x894bd990, 0x894bda00, 0x8a400000)
    ro space 10240K,  58% used [0x91400000, 0x919e1558, 0x919e1600, 0x91e00000)
    rw space 12288K,  63% used [0x91e00000, 0x925942e8, 0x92594400, 0x92a00000)
Event: 69.048 GC heap after
Heap after GC invocations=88 (full 2):
 def new generation   total 52992K, used 48K [0x4e000000, 0x51970000, 0x61c00000)
  eden space 47168K,   0% used [0x4e000000, 0x4e000000, 0x50e10000)
  from space 5824K,   0% used [0x513c0000, 0x513cc3c8, 0x51970000)
  to   space 5824K,   0% used [0x50e10000, 0x50e10000, 0x513c0000)
 tenured generation   total 117568K, used 109923K [0x61c00000, 0x68ed0000, 0x89400000)
   the space 117568K,  93% used [0x61c00000, 0x68758d90, 0x68758e00, 0x68ed0000)
 compacting perm gen  total 16384K, used 758K [0x89400000, 0x8a400000, 0x91400000)
   the space 16384K,   4% used [0x89400000, 0x894bd990, 0x894bda00, 0x8a400000)
    ro space 10240K,  58% used [0x91400000, 0x919e1558, 0x919e1600, 0x91e00000)
    rw space 12288K,  63% used [0x91e00000, 0x925942e8, 0x92594400, 0x92a00000)
}
Event: 69.668 GC heap before
{Heap before GC invocations=88 (full 2):
 def new generation   total 52992K, used 47216K [0x4e000000, 0x51970000, 0x61c00000)
  eden space 47168K, 100% used [0x4e000000, 0x50e10000, 0x50e10000)
  from space 5824K,   0% used [0x513c0000, 0x513cc3c8, 0x51970000)
  to   space 5824K,   0% used [0x50e10000, 0x50e10000, 0x513c0000)
 tenured generation   total 117568K, used 109923K [0x61c00000, 0x68ed0000, 0x89400000)
   the space 117568K,  93% used [0x61c00000, 0x68758d90, 0x68758e00, 0x68ed0000)
 compacting perm gen  total 16384K, used 758K [0x89400000, 0x8a400000, 0x91400000)
   the space 16384K,   4% used [0x89400000, 0x894bd990, 0x894bda00, 0x8a400000)
    ro space 10240K,  58% used [0x91400000, 0x919e1558, 0x919e1600, 0x91e00000)
    rw space 12288K,  63% used [0x91e00000, 0x925942e8, 0x92594400, 0x92a00000)
Event: 69.669 GC heap after
Heap after GC invocations=89 (full 2):
 def new generation   total 52992K, used 159K [0x4e000000, 0x51970000, 0x61c00000)
  eden space 47168K,   0% used [0x4e000000, 0x4e000000, 0x50e10000)
  from space 5824K,   2% used [0x50e10000, 0x50e37d28, 0x513c0000)
  to   space 5824K,   0% used [0x513c0000, 0x513c0000, 0x51970000)
 tenured generation   total 117568K, used 109923K [0x61c00000, 0x68ed0000, 0x89400000)
   the space 117568K,  93% used [0x61c00000, 0x68758d90, 0x68758e00, 0x68ed0000)
 compacting perm gen  total 16384K, used 758K [0x89400000, 0x8a400000, 0x91400000)
   the space 16384K,   4% used [0x89400000, 0x894bd990, 0x894bda00, 0x8a400000)
    ro space 10240K,  58% used [0x91400000, 0x919e1558, 0x919e1600, 0x91e00000)
    rw space 12288K,  63% used [0x91e00000, 0x925942e8, 0x92594400, 0x92a00000)
}
Event: 70.109 GC heap before
{Heap before GC invocations=89 (full 2):
 def new generation   total 52992K, used 47327K [0x4e000000, 0x51970000, 0x61c00000)
  eden space 47168K, 100% used [0x4e000000, 0x50e10000, 0x50e10000)
  from space 5824K,   2% used [0x50e10000, 0x50e37d28, 0x513c0000)
  to   space 5824K,   0% used [0x513c0000, 0x513c0000, 0x51970000)
 tenured generation   total 117568K, used 109923K [0x61c00000, 0x68ed0000, 0x89400000)
   the space 117568K,  93% used [0x61c00000, 0x68758d90, 0x68758e00, 0x68ed0000)
 compacting perm gen  total 16384K, used 758K [0x89400000, 0x8a400000, 0x91400000)
   the space 16384K,   4% used [0x89400000, 0x894bd9a0, 0x894bda00, 0x8a400000)
    ro space 10240K,  58% used [0x91400000, 0x919e1558, 0x919e1600, 0x91e00000)
    rw space 12288K,  63% used [0x91e00000, 0x925942e8, 0x92594400, 0x92a00000)
Event: 70.110 GC heap after
Heap after GC invocations=90 (full 2):
 def new generation   total 52992K, used 79K [0x4e000000, 0x51970000, 0x61c00000)
  eden space 47168K,   0% used [0x4e000000, 0x4e000000, 0x50e10000)
  from space 5824K,   1% used [0x513c0000, 0x513d3d00, 0x51970000)
  to   space 5824K,   0% used [0x50e10000, 0x50e10000, 0x513c0000)
 tenured generation   total 117568K, used 109923K [0x61c00000, 0x68ed0000, 0x89400000)
   the space 117568K,  93% used [0x61c00000, 0x68758d90, 0x68758e00, 0x68ed0000)
 compacting perm gen  total 16384K, used 758K [0x89400000, 0x8a400000, 0x91400000)
   the space 16384K,   4% used [0x89400000, 0x894bd9a0, 0x894bda00, 0x8a400000)
    ro space 10240K,  58% used [0x91400000, 0x919e1558, 0x919e1600, 0x91e00000)
    rw space 12288K,  63% used [0x91e00000, 0x925942e8, 0x92594400, 0x92a00000)
}
Event: 70.483 GC heap before
{Heap before GC invocations=90 (full 2):
 def new generation   total 52992K, used 47247K [0x4e000000, 0x51970000, 0x61c00000)
  eden space 47168K, 100% used [0x4e000000, 0x50e10000, 0x50e10000)
  from space 5824K,   1% used [0x513c0000, 0x513d3d00, 0x51970000)
  to   space 5824K,   0% used [0x50e10000, 0x50e10000, 0x513c0000)
 tenured generation   total 117568K, used 109923K [0x61c00000, 0x68ed0000, 0x89400000)
   the space 117568K,  93% used [0x61c00000, 0x68758d90, 0x68758e00, 0x68ed0000)
 compacting perm gen  total 16384K, used 758K [0x89400000, 0x8a400000, 0x91400000)
   the space 16384K,   4% used [0x89400000, 0x894bdaa8, 0x894bdc00, 0x8a400000)
    ro space 10240K,  58% used [0x91400000, 0x919e1558, 0x919e1600, 0x91e00000)
    rw space 12288K,  63% used [0x91e00000, 0x925942e8, 0x92594400, 0x92a00000)
Event: 70.484 GC heap after
Heap after GC invocations=91 (full 2):
 def new generation   total 52992K, used 65K [0x4e000000, 0x51970000, 0x61c00000)
  eden space 47168K,   0% used [0x4e000000, 0x4e000000, 0x50e10000)
  from space 5824K,   1% used [0x50e10000, 0x50e206c0, 0x513c0000)
  to   space 5824K,   0% used [0x513c0000, 0x513c0000, 0x51970000)
 tenured generation   total 117568K, used 109923K [0x61c00000, 0x68ed0000, 0x89400000)
   the space 117568K,  93% used [0x61c00000, 0x68758d90, 0x68758e00, 0x68ed0000)
 compacting perm gen  total 16384K, used 758K [0x89400000, 0x8a400000, 0x91400000)
   the space 16384K,   4% used [0x89400000, 0x894bdaa8, 0x894bdc00, 0x8a400000)
    ro space 10240K,  58% used [0x91400000, 0x919e1558, 0x919e1600, 0x91e00000)
    rw space 12288K,  63% used [0x91e00000, 0x925942e8, 0x92594400, 0x92a00000)
}
Event: 70.821 GC heap before
{Heap before GC invocations=91 (full 2):
 def new generation   total 52992K, used 47233K [0x4e000000, 0x51970000, 0x61c00000)
  eden space 47168K, 100% used [0x4e000000, 0x50e10000, 0x50e10000)
  from space 5824K,   1% used [0x50e10000, 0x50e206c0, 0x513c0000)
  to   space 5824K,   0% used [0x513c0000, 0x513c0000, 0x51970000)
 tenured generation   total 117568K, used 109923K [0x61c00000, 0x68ed0000, 0x89400000)
   the space 117568K,  93% used [0x61c00000, 0x68758d90, 0x68758e00, 0x68ed0000)
 compacting perm gen  total 16384K, used 758K [0x89400000, 0x8a400000, 0x91400000)
   the space 16384K,   4% used [0x89400000, 0x894bdaa8, 0x894bdc00, 0x8a400000)
    ro space 10240K,  58% used [0x91400000, 0x919e1558, 0x919e1600, 0x91e00000)
    rw space 12288K,  63% used [0x91e00000, 0x925942e8, 0x92594400, 0x92a00000)
Event: 70.822 GC heap after
Heap after GC invocations=92 (full 2):
 def new generation   total 52992K, used 72K [0x4e000000, 0x51970000, 0x61c00000)
  eden space 47168K,   0% used [0x4e000000, 0x4e000000, 0x50e10000)
  from space 5824K,   1% used [0x513c0000, 0x513d2290, 0x51970000)
  to   space 5824K,   0% used [0x50e10000, 0x50e10000, 0x513c0000)
 tenured generation   total 117568K, used 109923K [0x61c00000, 0x68ed0000, 0x89400000)
   the space 117568K,  93% used [0x61c00000, 0x68758d90, 0x68758e00, 0x68ed0000)
 compacting perm gen  total 16384K, used 758K [0x89400000, 0x8a400000, 0x91400000)
   the space 16384K,   4% used [0x89400000, 0x894bdaa8, 0x894bdc00, 0x8a400000)
    ro space 10240K,  58% used [0x91400000, 0x919e1558, 0x919e1600, 0x91e00000)
    rw space 12288K,  63% used [0x91e00000, 0x925942e8, 0x92594400, 0x92a00000)
}

