# JRE version: OpenJDK Runtime Environment (7.0_79-b14) (build 1.7.0_79-b14)
# Java VM: OpenJDK Server VM (24.79-b02 mixed mode, sharing linux-x86 )
Heap
 def new generation   total 52992K, used 44607K [0x4e000000, 0x51970000, 0x61c00000)
  eden space 47168K,  94% used [0x4e000000, 0x50b89698, 0x50e10000)
  from space 5824K,   0% used [0x50e10000, 0x50e16608, 0x513c0000)
  to   space 5824K,   0% used [0x513c0000, 0x513c0000, 0x51970000)
 tenured generation   total 117568K, used 109919K [0x61c00000, 0x68ed0000, 0x89400000)
   the space 117568K,  93% used [0x61c00000, 0x68757ce0, 0x68757e00, 0x68ed0000)
 compacting perm gen  total 16384K, used 730K [0x89400000, 0x8a400000, 0x91400000)
   the space 16384K,   4% used [0x89400000, 0x894b6bd0, 0x894b6c00, 0x8a400000)
    ro space 10240K,  58% used [0x91400000, 0x919e1558, 0x919e1600, 0x91e00000)
    rw space 12288K,  63% used [0x91e00000, 0x925942e8, 0x92594400, 0x92a00000)
GC Heap History (10 events):
Event: 2.504 GC heap before
{Heap before GC invocations=16 (full 1):
 def new generation   total 29952K, used 29952K [0x4e000000, 0x50070000, 0x61c00000)
  eden space 26688K, 100% used [0x4e000000, 0x4fa10000, 0x4fa10000)
  from space 3264K, 100% used [0x4fa10000, 0x4fd40000, 0x4fd40000)
  to   space 3264K,   0% used [0x4fd40000, 0x4fd40000, 0x50070000)
 tenured generation   total 66368K, used 57535K [0x61c00000, 0x65cd0000, 0x89400000)
   the space 66368K,  86% used [0x61c00000, 0x6542ff08, 0x65430000, 0x65cd0000)
 compacting perm gen  total 16384K, used 561K [0x89400000, 0x8a400000, 0x91400000)
   the space 16384K,   3% used [0x89400000, 0x8948c590, 0x8948c600, 0x8a400000)
    ro space 10240K,  58% used [0x91400000, 0x919e1558, 0x919e1600, 0x91e00000)
    rw space 12288K,  63% used [0x91e00000, 0x925942e8, 0x92594400, 0x92a00000)
Event: 2.838 GC heap after
Heap after GC invocations=17 (full 2):
 def new generation   total 52992K, used 3263K [0x4e000000, 0x51970000, 0x61c00000)
  eden space 47168K,   6% used [0x4e000000, 0x4e32fed0, 0x50e10000)
  from space 5824K,   0% used [0x50e10000, 0x50e10000, 0x513c0000)
  to   space 5824K,   0% used [0x513c0000, 0x513c0000, 0x51970000)
 tenured generation   total 117568K, used 70540K [0x61c00000, 0x68ed0000, 0x89400000)
   the space 117568K,  59% used [0x61c00000, 0x660e30f0, 0x660e3200, 0x68ed0000)
 compacting perm gen  total 16384K, used 561K [0x89400000, 0x8a400000, 0x91400000)
   the space 16384K,   3% used [0x89400000, 0x8948c590, 0x8948c600, 0x8a400000)
    ro space 10240K,  58% used [0x91400000, 0x919e1558, 0x919e1600, 0x91e00000)
    rw space 12288K,  63% used [0x91e00000, 0x925942e8, 0x92594400, 0x92a00000)
}
Event: 2.928 GC heap before
{Heap before GC invocations=17 (full 2):
 def new generation   total 52992K, used 47168K [0x4e000000, 0x51970000, 0x61c00000)
  eden space 47168K, 100% used [0x4e000000, 0x50e10000, 0x50e10000)
  from space 5824K,   0% used [0x50e10000, 0x50e10000, 0x513c0000)
  to   space 5824K,   0% used [0x513c0000, 0x513c0000, 0x51970000)
 tenured generation   total 117568K, used 70540K [0x61c00000, 0x68ed0000, 0x89400000)
   the space 117568K,  59% used [0x61c00000, 0x660e30f0, 0x660e3200, 0x68ed0000)
 compacting perm gen  total 16384K, used 561K [0x89400000, 0x8a400000, 0x91400000)
   the space 16384K,   3% used [0x89400000, 0x8948c668, 0x8948c800, 0x8a400000)
    ro space 10240K,  58% used [0x91400000, 0x919e1558, 0x919e1600, 0x91e00000)
    rw space 12288K,  63% used [0x91e00000, 0x925942e8, 0x92594400, 0x92a00000)
Event: 3.062 GC heap after
Heap after GC invocations=18 (full 2):
 def new generation   total 52992K, used 5824K [0x4e000000, 0x51970000, 0x61c00000)
  eden space 47168K,   0% used [0x4e000000, 0x4e000000, 0x50e10000)
  from space 5824K, 100% used [0x513c0000, 0x51970000, 0x51970000)
  to   space 5824K,   0% used [0x50e10000, 0x50e10000, 0x513c0000)
 tenured generation   total 117568K, used 85357K [0x61c00000, 0x68ed0000, 0x89400000)
   the space 117568K,  72% used [0x61c00000, 0x66f5b708, 0x66f5b800, 0x68ed0000)
 compacting perm gen  total 16384K, used 561K [0x89400000, 0x8a400000, 0x91400000)
   the space 16384K,   3% used [0x89400000, 0x8948c668, 0x8948c800, 0x8a400000)
    ro space 10240K,  58% used [0x91400000, 0x919e1558, 0x919e1600, 0x91e00000)
    rw space 12288K,  63% used [0x91e00000, 0x925942e8, 0x92594400, 0x92a00000)
}
Event: 3.150 GC heap before
{Heap before GC invocations=18 (full 2):
 def new generation   total 52992K, used 52992K [0x4e000000, 0x51970000, 0x61c00000)
  eden space 47168K, 100% used [0x4e000000, 0x50e10000, 0x50e10000)
  from space 5824K, 100% used [0x513c0000, 0x51970000, 0x51970000)
  to   space 5824K,   0% used [0x50e10000, 0x50e10000, 0x513c0000)
 tenured generation   total 117568K, used 85357K [0x61c00000, 0x68ed0000, 0x89400000)
   the space 117568K,  72% used [0x61c00000, 0x66f5b708, 0x66f5b800, 0x68ed0000)
 compacting perm gen  total 16384K, used 561K [0x89400000, 0x8a400000, 0x91400000)
   the space 16384K,   3% used [0x89400000, 0x8948c6e0, 0x8948c800, 0x8a400000)
    ro space 10240K,  58% used [0x91400000, 0x919e1558, 0x919e1600, 0x91e00000)
    rw space 12288K,  63% used [0x91e00000, 0x925942e8, 0x92594400, 0x92a00000)
Event: 3.283 GC heap after
Heap after GC invocations=19 (full 2):
 def new generation   total 52992K, used 5824K [0x4e000000, 0x51970000, 0x61c00000)
  eden space 47168K,   0% used [0x4e000000, 0x4e000000, 0x50e10000)
  from space 5824K, 100% used [0x50e10000, 0x513c0000, 0x513c0000)
  to   space 5824K,   0% used [0x513c0000, 0x513c0000, 0x51970000)
 tenured generation   total 117568K, used 99038K [0x61c00000, 0x68ed0000, 0x89400000)
   the space 117568K,  84% used [0x61c00000, 0x67cb7948, 0x67cb7a00, 0x68ed0000)
 compacting perm gen  total 16384K, used 561K [0x89400000, 0x8a400000, 0x91400000)
   the space 16384K,   3% used [0x89400000, 0x8948c6e0, 0x8948c800, 0x8a400000)
    ro space 10240K,  58% used [0x91400000, 0x919e1558, 0x919e1600, 0x91e00000)
    rw space 12288K,  63% used [0x91e00000, 0x925942e8, 0x92594400, 0x92a00000)
}
Event: 29.339 GC heap before
{Heap before GC invocations=19 (full 2):
 def new generation   total 52992K, used 52992K [0x4e000000, 0x51970000, 0x61c00000)
  eden space 47168K, 100% used [0x4e000000, 0x50e10000, 0x50e10000)
  from space 5824K, 100% used [0x50e10000, 0x513c0000, 0x513c0000)
  to   space 5824K,   0% used [0x513c0000, 0x513c0000, 0x51970000)
 tenured generation   total 117568K, used 99038K [0x61c00000, 0x68ed0000, 0x89400000)
   the space 117568K,  84% used [0x61c00000, 0x67cb7948, 0x67cb7a00, 0x68ed0000)
 compacting perm gen  total 16384K, used 712K [0x89400000, 0x8a400000, 0x91400000)
   the space 16384K,   4% used [0x89400000, 0x894b20c0, 0x894b2200, 0x8a400000)
    ro space 10240K,  58% used [0x91400000, 0x919e1558, 0x919e1600, 0x91e00000)
    rw space 12288K,  63% used [0x91e00000, 0x925942e8, 0x92594400, 0x92a00000)
Event: 29.456 GC heap after
Heap after GC invocations=20 (full 2):
 def new generation   total 52992K, used 5823K [0x4e000000, 0x51970000, 0x61c00000)
  eden space 47168K,   0% used [0x4e000000, 0x4e000000, 0x50e10000)
  from space 5824K,  99% used [0x513c0000, 0x5196fff8, 0x51970000)
  to   space 5824K,   0% used [0x50e10000, 0x50e10000, 0x513c0000)
 tenured generation   total 117568K, used 104103K [0x61c00000, 0x68ed0000, 0x89400000)
   the space 117568K,  88% used [0x61c00000, 0x681a9e50, 0x681aa000, 0x68ed0000)
 compacting perm gen  total 16384K, used 712K [0x89400000, 0x8a400000, 0x91400000)
   the space 16384K,   4% used [0x89400000, 0x894b20c0, 0x894b2200, 0x8a400000)
    ro space 10240K,  58% used [0x91400000, 0x919e1558, 0x919e1600, 0x91e00000)
    rw space 12288K,  63% used [0x91e00000, 0x925942e8, 0x92594400, 0x92a00000)
}
Event: 30.288 GC heap before
{Heap before GC invocations=20 (full 2):
 def new generation   total 52992K, used 52991K [0x4e000000, 0x51970000, 0x61c00000)
  eden space 47168K, 100% used [0x4e000000, 0x50e10000, 0x50e10000)
  from space 5824K,  99% used [0x513c0000, 0x5196fff8, 0x51970000)
  to   space 5824K,   0% used [0x50e10000, 0x50e10000, 0x513c0000)
 tenured generation   total 117568K, used 104103K [0x61c00000, 0x68ed0000, 0x89400000)
   the space 117568K,  88% used [0x61c00000, 0x681a9e50, 0x681aa000, 0x68ed0000)
 compacting perm gen  total 16384K, used 727K [0x89400000, 0x8a400000, 0x91400000)
   the space 16384K,   4% used [0x89400000, 0x894b5e58, 0x894b6000, 0x8a400000)
    ro space 10240K,  58% used [0x91400000, 0x919e1558, 0x919e1600, 0x91e00000)
    rw space 12288K,  63% used [0x91e00000, 0x925942e8, 0x92594400, 0x92a00000)
Event: 30.314 GC heap after
Heap after GC invocations=21 (full 2):
 def new generation   total 52992K, used 25K [0x4e000000, 0x51970000, 0x61c00000)
  eden space 47168K,   0% used [0x4e000000, 0x4e000000, 0x50e10000)
  from space 5824K,   0% used [0x50e10000, 0x50e16608, 0x513c0000)
  to   space 5824K,   0% used [0x513c0000, 0x513c0000, 0x51970000)
 tenured generation   total 117568K, used 109919K [0x61c00000, 0x68ed0000, 0x89400000)
   the space 117568K,  93% used [0x61c00000, 0x68757ce0, 0x68757e00, 0x68ed0000)
 compacting perm gen  total 16384K, used 727K [0x89400000, 0x8a400000, 0x91400000)
   the space 16384K,   4% used [0x89400000, 0x894b5e58, 0x894b6000, 0x8a400000)
    ro space 10240K,  58% used [0x91400000, 0x919e1558, 0x919e1600, 0x91e00000)
    rw space 12288K,  63% used [0x91e00000, 0x925942e8, 0x92594400, 0x92a00000)
}

